The system is: Linux - 5.10.10-200.fc33.x86_64 - x86_64
Compiling the C compiler identification source file "CMakeCCompilerId.c" succeeded.
Compiler: /usr/bin/cc 
Build flags: 
Id flags:  

The output was:
0


Compilation of the C compiler identification source "CMakeCCompilerId.c" produced "a.out"

The C compiler identification is GNU, found in "/home/xiaozuhui/Codes/cstudy/data-structure/LinkedList/CMakeFiles/3.18.4/CompilerIdC/a.out"

Detecting C compiler ABI info compiled with the following output:
Change Dir: /home/xiaozuhui/Codes/cstudy/data-structure/LinkedList/CMakeFiles/CMakeTmp

Run Build Command(s):/usr/bin/gmake cmTC_3a29d/fast && /usr/bin/gmake  -f CMakeFiles/cmTC_3a29d.dir/build.make CMakeFiles/cmTC_3a29d.dir/build
gmake[1]: Entering directory '/home/xiaozuhui/Codes/cstudy/data-structure/LinkedList/CMakeFiles/CMakeTmp'
Building C object CMakeFiles/cmTC_3a29d.dir/CMakeCCompilerABI.c.o
/usr/bin/cc   -v -o CMakeFiles/cmTC_3a29d.dir/CMakeCCompilerABI.c.o -c /usr/share/cmake/Modules/CMakeCCompilerABI.c
Using built-in specs.
COLLECT_GCC=/usr/bin/cc
OFFLOAD_TARGET_NAMES=nvptx-none
OFFLOAD_TARGET_DEFAULT=1
Target: x86_64-redhat-linux
Configured with: ../configure --enable-bootstrap --enable-languages=c,c++,fortran,objc,obj-c++,ada,go,d,lto --prefix=/usr --mandir=/usr/share/man --infodir=/usr/share/info --with-bugurl=http://bugzilla.redhat.com/bugzilla --enable-shared --enable-threads=posix --enable-checking=release --enable-multilib --with-system-zlib --enable-__cxa_atexit --disable-libunwind-exceptions --enable-gnu-unique-object --enable-linker-build-id --with-gcc-major-version-only --with-linker-hash-style=gnu --enable-plugin --enable-initfini-array --with-isl --enable-offload-targets=nvptx-none --without-cuda-driver --enable-gnu-indirect-function --enable-cet --with-tune=generic --with-arch_32=i686 --build=x86_64-redhat-linux
Thread model: posix
Supported LTO compression algorithms: zlib zstd
gcc version 10.2.1 20201125 (Red Hat 10.2.1-9) (GCC) 
COLLECT_GCC_OPTIONS='-v' '-o' 'CMakeFiles/cmTC_3a29d.dir/CMakeCCompilerABI.c.o' '-c' '-mtune=generic' '-march=x86-64'
 /usr/libexec/gcc/x86_64-redhat-linux/10/cc1 -quiet -v /usr/share/cmake/Modules/CMakeCCompilerABI.c -quiet -dumpbase CMakeCCompilerABI.c -mtune=generic -march=x86-64 -auxbase-strip CMakeFiles/cmTC_3a29d.dir/CMakeCCompilerABI.c.o -version -o /tmp/ccX3XYKr.s
GNU C17 (GCC) version 10.2.1 20201125 (Red Hat 10.2.1-9) (x86_64-redhat-linux)
	compiled by GNU C version 10.2.1 20201125 (Red Hat 10.2.1-9), GMP version 6.2.0, MPFR version 4.1.0, MPC version 1.1.0, isl version isl-0.16.1-GMP

GGC heuristics: --param ggc-min-expand=100 --param ggc-min-heapsize=131072
ignoring nonexistent directory "/usr/lib/gcc/x86_64-redhat-linux/10/include-fixed"
ignoring nonexistent directory "/usr/lib/gcc/x86_64-redhat-linux/10/../../../../x86_64-redhat-linux/include"
#include "..." search starts here:
#include <...> search starts here:
 /usr/lib/gcc/x86_64-redhat-linux/10/include
 /usr/local/include
 /usr/include
End of search list.
GNU C17 (GCC) version 10.2.1 20201125 (Red Hat 10.2.1-9) (x86_64-redhat-linux)
	compiled by GNU C version 10.2.1 20201125 (Red Hat 10.2.1-9), GMP version 6.2.0, MPFR version 4.1.0, MPC version 1.1.0, isl version isl-0.16.1-GMP

GGC heuristics: --param ggc-min-expand=100 --param ggc-min-heapsize=131072
Compiler executable checksum: aef138217c4a09eacc4d96b7fa1b03fa
COLLECT_GCC_OPTIONS='-v' '-o' 'CMakeFiles/cmTC_3a29d.dir/CMakeCCompilerABI.c.o' '-c' '-mtune=generic' '-march=x86-64'
 as -v --64 -o CMakeFiles/cmTC_3a29d.dir/CMakeCCompilerABI.c.o /tmp/ccX3XYKr.s
GNU assembler version 2.35 (x86_64-redhat-linux) using BFD version version 2.35-18.fc33
COMPILER_PATH=/usr/libexec/gcc/x86_64-redhat-linux/10/:/usr/libexec/gcc/x86_64-redhat-linux/10/:/usr/libexec/gcc/x86_64-redhat-linux/:/usr/lib/gcc/x86_64-redhat-linux/10/:/usr/lib/gcc/x86_64-redhat-linux/
LIBRARY_PATH=/usr/lib/gcc/x86_64-redhat-linux/10/:/usr/lib/gcc/x86_64-redhat-linux/10/../../../../lib64/:/lib/../lib64/:/usr/lib/../lib64/:/usr/lib/gcc/x86_64-redhat-linux/10/../../../:/lib/:/usr/lib/
COLLECT_GCC_OPTIONS='-v' '-o' 'CMakeFiles/cmTC_3a29d.dir/CMakeCCompilerABI.c.o' '-c' '-mtune=generic' '-march=x86-64'
Linking C executable cmTC_3a29d
/usr/bin/cmake -E cmake_link_script CMakeFiles/cmTC_3a29d.dir/link.txt --verbose=1
/usr/bin/cc  -v CMakeFiles/cmTC_3a29d.dir/CMakeCCompilerABI.c.o -o cmTC_3a29d 
Using built-in specs.
COLLECT_GCC=/usr/bin/cc
COLLECT_LTO_WRAPPER=/usr/libexec/gcc/x86_64-redhat-linux/10/lto-wrapper
OFFLOAD_TARGET_NAMES=nvptx-none
OFFLOAD_TARGET_DEFAULT=1
Target: x86_64-redhat-linux
Configured with: ../configure --enable-bootstrap --enable-languages=c,c++,fortran,objc,obj-c++,ada,go,d,lto --prefix=/usr --mandir=/usr/share/man --infodir=/usr/share/info --with-bugurl=http://bugzilla.redhat.com/bugzilla --enable-shared --enable-threads=posix --enable-checking=release --enable-multilib --with-system-zlib --enable-__cxa_atexit --disable-libunwind-exceptions --enable-gnu-unique-object --enable-linker-build-id --with-gcc-major-version-only --with-linker-hash-style=gnu --enable-plugin --enable-initfini-array --with-isl --enable-offload-targets=nvptx-none --without-cuda-driver --enable-gnu-indirect-function --enable-cet --with-tune=generic --with-arch_32=i686 --build=x86_64-redhat-linux
Thread model: posix
Supported LTO compression algorithms: zlib zstd
gcc version 10.2.1 20201125 (Red Hat 10.2.1-9) (GCC) 
COMPILER_PATH=/usr/libexec/gcc/x86_64-redhat-linux/10/:/usr/libexec/gcc/x86_64-redhat-linux/10/:/usr/libexec/gcc/x86_64-redhat-linux/:/usr/lib/gcc/x86_64-redhat-linux/10/:/usr/lib/gcc/x86_64-redhat-linux/
LIBRARY_PATH=/usr/lib/gcc/x86_64-redhat-linux/10/:/usr/lib/gcc/x86_64-redhat-linux/10/../../../../lib64/:/lib/../lib64/:/usr/lib/../lib64/:/usr/lib/gcc/x86_64-redhat-linux/10/../../../:/lib/:/usr/lib/
COLLECT_GCC_OPTIONS='-v' '-o' 'cmTC_3a29d' '-mtune=generic' '-march=x86-64'
 /usr/libexec/gcc/x86_64-redhat-linux/10/collect2 -plugin /usr/libexec/gcc/x86_64-redhat-linux/10/liblto_plugin.so -plugin-opt=/usr/libexec/gcc/x86_64-redhat-linux/10/lto-wrapper -plugin-opt=-fresolution=/tmp/cct83QbQ.res -plugin-opt=-pass-through=-lgcc -plugin-opt=-pass-through=-lgcc_s -plugin-opt=-pass-through=-lc -plugin-opt=-pass-through=-lgcc -plugin-opt=-pass-through=-lgcc_s --build-id --no-add-needed --eh-frame-hdr --hash-style=gnu -m elf_x86_64 -dynamic-linker /lib64/ld-linux-x86-64.so.2 -o cmTC_3a29d /usr/lib/gcc/x86_64-redhat-linux/10/../../../../lib64/crt1.o /usr/lib/gcc/x86_64-redhat-linux/10/../../../../lib64/crti.o /usr/lib/gcc/x86_64-redhat-linux/10/crtbegin.o -L/usr/lib/gcc/x86_64-redhat-linux/10 -L/usr/lib/gcc/x86_64-redhat-linux/10/../../../../lib64 -L/lib/../lib64 -L/usr/lib/../lib64 -L/usr/lib/gcc/x86_64-redhat-linux/10/../../.. CMakeFiles/cmTC_3a29d.dir/CMakeCCompilerABI.c.o -lgcc --push-state --as-needed -lgcc_s --pop-state -lc -lgcc --push-state --as-needed -lgcc_s --pop-state /usr/lib/gcc/x86_64-redhat-linux/10/crtend.o /usr/lib/gcc/x86_64-redhat-linux/10/../../../../lib64/crtn.o
COLLECT_GCC_OPTIONS='-v' '-o' 'cmTC_3a29d' '-mtune=generic' '-march=x86-64'
gmake[1]: Leaving directory '/home/xiaozuhui/Codes/cstudy/data-structure/LinkedList/CMakeFiles/CMakeTmp'



Parsed C implicit include dir info from above output: rv=done
  found start of include info
  found start of implicit include info
    add: [/usr/lib/gcc/x86_64-redhat-linux/10/include]
    add: [/usr/local/include]
    add: [/usr/include]
  end of search list found
  collapse include dir [/usr/lib/gcc/x86_64-redhat-linux/10/include] ==> [/usr/lib/gcc/x86_64-redhat-linux/10/include]
  collapse include dir [/usr/local/include] ==> [/usr/local/include]
  collapse include dir [/usr/include] ==> [/usr/include]
  implicit include dirs: [/usr/lib/gcc/x86_64-redhat-linux/10/include;/usr/local/include;/usr/include]


Parsed C implicit link information from above output:
  link line regex: [^( *|.*[/\])(ld|CMAKE_LINK_STARTFILE-NOTFOUND|([^/\]+-)?ld|collect2)[^/\]*( |$)]
  ignore line: [Change Dir: /home/xiaozuhui/Codes/cstudy/data-structure/LinkedList/CMakeFiles/CMakeTmp]
  ignore line: []
  ignore line: [Run Build Command(s):/usr/bin/gmake cmTC_3a29d/fast && /usr/bin/gmake  -f CMakeFiles/cmTC_3a29d.dir/build.make CMakeFiles/cmTC_3a29d.dir/build]
  ignore line: [gmake[1]: Entering directory '/home/xiaozuhui/Codes/cstudy/data-structure/LinkedList/CMakeFiles/CMakeTmp']
  ignore line: [Building C object CMakeFiles/cmTC_3a29d.dir/CMakeCCompilerABI.c.o]
  ignore line: [/usr/bin/cc   -v -o CMakeFiles/cmTC_3a29d.dir/CMakeCCompilerABI.c.o -c /usr/share/cmake/Modules/CMakeCCompilerABI.c]
  ignore line: [Using built-in specs.]
  ignore line: [COLLECT_GCC=/usr/bin/cc]
  ignore line: [OFFLOAD_TARGET_NAMES=nvptx-none]
  ignore line: [OFFLOAD_TARGET_DEFAULT=1]
  ignore line: [Target: x86_64-redhat-linux]
  ignore line: [Configured with: ../configure --enable-bootstrap --enable-languages=c c++ fortran objc obj-c++ ada go d lto --prefix=/usr --mandir=/usr/share/man --infodir=/usr/share/info --with-bugurl=http://bugzilla.redhat.com/bugzilla --enable-shared --enable-threads=posix --enable-checking=release --enable-multilib --with-system-zlib --enable-__cxa_atexit --disable-libunwind-exceptions --enable-gnu-unique-object --enable-linker-build-id --with-gcc-major-version-only --with-linker-hash-style=gnu --enable-plugin --enable-initfini-array --with-isl --enable-offload-targets=nvptx-none --without-cuda-driver --enable-gnu-indirect-function --enable-cet --with-tune=generic --with-arch_32=i686 --build=x86_64-redhat-linux]
  ignore line: [Thread model: posix]
  ignore line: [Supported LTO compression algorithms: zlib zstd]
  ignore line: [gcc version 10.2.1 20201125 (Red Hat 10.2.1-9) (GCC) ]
  ignore line: [COLLECT_GCC_OPTIONS='-v' '-o' 'CMakeFiles/cmTC_3a29d.dir/CMakeCCompilerABI.c.o' '-c' '-mtune=generic' '-march=x86-64']
  ignore line: [ /usr/libexec/gcc/x86_64-redhat-linux/10/cc1 -quiet -v /usr/share/cmake/Modules/CMakeCCompilerABI.c -quiet -dumpbase CMakeCCompilerABI.c -mtune=generic -march=x86-64 -auxbase-strip CMakeFiles/cmTC_3a29d.dir/CMakeCCompilerABI.c.o -version -o /tmp/ccX3XYKr.s]
  ignore line: [GNU C17 (GCC) version 10.2.1 20201125 (Red Hat 10.2.1-9) (x86_64-redhat-linux)]
  ignore line: [	compiled by GNU C version 10.2.1 20201125 (Red Hat 10.2.1-9)  GMP version 6.2.0  MPFR version 4.1.0  MPC version 1.1.0  isl version isl-0.16.1-GMP]
  ignore line: []
  ignore line: [GGC heuristics: --param ggc-min-expand=100 --param ggc-min-heapsize=131072]
  ignore line: [ignoring nonexistent directory "/usr/lib/gcc/x86_64-redhat-linux/10/include-fixed"]
  ignore line: [ignoring nonexistent directory "/usr/lib/gcc/x86_64-redhat-linux/10/../../../../x86_64-redhat-linux/include"]
  ignore line: [#include "..." search starts here:]
  ignore line: [#include <...> search starts here:]
  ignore line: [ /usr/lib/gcc/x86_64-redhat-linux/10/include]
  ignore line: [ /usr/local/include]
  ignore line: [ /usr/include]
  ignore line: [End of search list.]
  ignore line: [GNU C17 (GCC) version 10.2.1 20201125 (Red Hat 10.2.1-9) (x86_64-redhat-linux)]
  ignore line: [	compiled by GNU C version 10.2.1 20201125 (Red Hat 10.2.1-9)  GMP version 6.2.0  MPFR version 4.1.0  MPC version 1.1.0  isl version isl-0.16.1-GMP]
  ignore line: []
  ignore line: [GGC heuristics: --param ggc-min-expand=100 --param ggc-min-heapsize=131072]
  ignore line: [Compiler executable checksum: aef138217c4a09eacc4d96b7fa1b03fa]
  ignore line: [COLLECT_GCC_OPTIONS='-v' '-o' 'CMakeFiles/cmTC_3a29d.dir/CMakeCCompilerABI.c.o' '-c' '-mtune=generic' '-march=x86-64']
  ignore line: [ as -v --64 -o CMakeFiles/cmTC_3a29d.dir/CMakeCCompilerABI.c.o /tmp/ccX3XYKr.s]
  ignore line: [GNU assembler version 2.35 (x86_64-redhat-linux) using BFD version version 2.35-18.fc33]
  ignore line: [COMPILER_PATH=/usr/libexec/gcc/x86_64-redhat-linux/10/:/usr/libexec/gcc/x86_64-redhat-linux/10/:/usr/libexec/gcc/x86_64-redhat-linux/:/usr/lib/gcc/x86_64-redhat-linux/10/:/usr/lib/gcc/x86_64-redhat-linux/]
  ignore line: [LIBRARY_PATH=/usr/lib/gcc/x86_64-redhat-linux/10/:/usr/lib/gcc/x86_64-redhat-linux/10/../../../../lib64/:/lib/../lib64/:/usr/lib/../lib64/:/usr/lib/gcc/x86_64-redhat-linux/10/../../../:/lib/:/usr/lib/]
  ignore line: [COLLECT_GCC_OPTIONS='-v' '-o' 'CMakeFiles/cmTC_3a29d.dir/CMakeCCompilerABI.c.o' '-c' '-mtune=generic' '-march=x86-64']
  ignore line: [Linking C executable cmTC_3a29d]
  ignore line: [/usr/bin/cmake -E cmake_link_script CMakeFiles/cmTC_3a29d.dir/link.txt --verbose=1]
  ignore line: [/usr/bin/cc  -v CMakeFiles/cmTC_3a29d.dir/CMakeCCompilerABI.c.o -o cmTC_3a29d ]
  ignore line: [Using built-in specs.]
  ignore line: [COLLECT_GCC=/usr/bin/cc]
  ignore line: [COLLECT_LTO_WRAPPER=/usr/libexec/gcc/x86_64-redhat-linux/10/lto-wrapper]
  ignore line: [OFFLOAD_TARGET_NAMES=nvptx-none]
  ignore line: [OFFLOAD_TARGET_DEFAULT=1]
  ignore line: [Target: x86_64-redhat-linux]
  ignore line: [Configured with: ../configure --enable-bootstrap --enable-languages=c c++ fortran objc obj-c++ ada go d lto --prefix=/usr --mandir=/usr/share/man --infodir=/usr/share/info --with-bugurl=http://bugzilla.redhat.com/bugzilla --enable-shared --enable-threads=posix --enable-checking=release --enable-multilib --with-system-zlib --enable-__cxa_atexit --disable-libunwind-exceptions --enable-gnu-unique-object --enable-linker-build-id --with-gcc-major-version-only --with-linker-hash-style=gnu --enable-plugin --enable-initfini-array --with-isl --enable-offload-targets=nvptx-none --without-cuda-driver --enable-gnu-indirect-function --enable-cet --with-tune=generic --with-arch_32=i686 --build=x86_64-redhat-linux]
  ignore line: [Thread model: posix]
  ignore line: [Supported LTO compression algorithms: zlib zstd]
  ignore line: [gcc version 10.2.1 20201125 (Red Hat 10.2.1-9) (GCC) ]
  ignore line: [COMPILER_PATH=/usr/libexec/gcc/x86_64-redhat-linux/10/:/usr/libexec/gcc/x86_64-redhat-linux/10/:/usr/libexec/gcc/x86_64-redhat-linux/:/usr/lib/gcc/x86_64-redhat-linux/10/:/usr/lib/gcc/x86_64-redhat-linux/]
  ignore line: [LIBRARY_PATH=/usr/lib/gcc/x86_64-redhat-linux/10/:/usr/lib/gcc/x86_64-redhat-linux/10/../../../../lib64/:/lib/../lib64/:/usr/lib/../lib64/:/usr/lib/gcc/x86_64-redhat-linux/10/../../../:/lib/:/usr/lib/]
  ignore line: [COLLECT_GCC_OPTIONS='-v' '-o' 'cmTC_3a29d' '-mtune=generic' '-march=x86-64']
  link line: [ /usr/libexec/gcc/x86_64-redhat-linux/10/collect2 -plugin /usr/libexec/gcc/x86_64-redhat-linux/10/liblto_plugin.so -plugin-opt=/usr/libexec/gcc/x86_64-redhat-linux/10/lto-wrapper -plugin-opt=-fresolution=/tmp/cct83QbQ.res -plugin-opt=-pass-through=-lgcc -plugin-opt=-pass-through=-lgcc_s -plugin-opt=-pass-through=-lc -plugin-opt=-pass-through=-lgcc -plugin-opt=-pass-through=-lgcc_s --build-id --no-add-needed --eh-frame-hdr --hash-style=gnu -m elf_x86_64 -dynamic-linker /lib64/ld-linux-x86-64.so.2 -o cmTC_3a29d /usr/lib/gcc/x86_64-redhat-linux/10/../../../../lib64/crt1.o /usr/lib/gcc/x86_64-redhat-linux/10/../../../../lib64/crti.o /usr/lib/gcc/x86_64-redhat-linux/10/crtbegin.o -L/usr/lib/gcc/x86_64-redhat-linux/10 -L/usr/lib/gcc/x86_64-redhat-linux/10/../../../../lib64 -L/lib/../lib64 -L/usr/lib/../lib64 -L/usr/lib/gcc/x86_64-redhat-linux/10/../../.. CMakeFiles/cmTC_3a29d.dir/CMakeCCompilerABI.c.o -lgcc --push-state --as-needed -lgcc_s --pop-state -lc -lgcc --push-state --as-needed -lgcc_s --pop-state /usr/lib/gcc/x86_64-redhat-linux/10/crtend.o /usr/lib/gcc/x86_64-redhat-linux/10/../../../../lib64/crtn.o]
    arg [/usr/libexec/gcc/x86_64-redhat-linux/10/collect2] ==> ignore
    arg [-plugin] ==> ignore
    arg [/usr/libexec/gcc/x86_64-redhat-linux/10/liblto_plugin.so] ==> ignore
    arg [-plugin-opt=/usr/libexec/gcc/x86_64-redhat-linux/10/lto-wrapper] ==> ignore
    arg [-plugin-opt=-fresolution=/tmp/cct83QbQ.res] ==> ignore
    arg [-plugin-opt=-pass-through=-lgcc] ==> ignore
    arg [-plugin-opt=-pass-through=-lgcc_s] ==> ignore
    arg [-plugin-opt=-pass-through=-lc] ==> ignore
    arg [-plugin-opt=-pass-through=-lgcc] ==> ignore
    arg [-plugin-opt=-pass-through=-lgcc_s] ==> ignore
    arg [--build-id] ==> ignore
    arg [--no-add-needed] ==> ignore
    arg [--eh-frame-hdr] ==> ignore
    arg [--hash-style=gnu] ==> ignore
    arg [-m] ==> ignore
    arg [elf_x86_64] ==> ignore
    arg [-dynamic-linker] ==> ignore
    arg [/lib64/ld-linux-x86-64.so.2] ==> ignore
    arg [-o] ==> ignore
    arg [cmTC_3a29d] ==> ignore
    arg [/usr/lib/gcc/x86_64-redhat-linux/10/../../../../lib64/crt1.o] ==> ignore
    arg [/usr/lib/gcc/x86_64-redhat-linux/10/../../../../lib64/crti.o] ==> ignore
    arg [/usr/lib/gcc/x86_64-redhat-linux/10/crtbegin.o] ==> ignore
    arg [-L/usr/lib/gcc/x86_64-redhat-linux/10] ==> dir [/usr/lib/gcc/x86_64-redhat-linux/10]
    arg [-L/usr/lib/gcc/x86_64-redhat-linux/10/../../../../lib64] ==> dir [/usr/lib/gcc/x86_64-redhat-linux/10/../../../../lib64]
    arg [-L/lib/../lib64] ==> dir [/lib/../lib64]
    arg [-L/usr/lib/../lib64] ==> dir [/usr/lib/../lib64]
    arg [-L/usr/lib/gcc/x86_64-redhat-linux/10/../../..] ==> dir [/usr/lib/gcc/x86_64-redhat-linux/10/../../..]
    arg [CMakeFiles/cmTC_3a29d.dir/CMakeCCompilerABI.c.o] ==> ignore
    arg [-lgcc] ==> lib [gcc]
    arg [--push-state] ==> ignore
    arg [--as-needed] ==> ignore
    arg [-lgcc_s] ==> lib [gcc_s]
    arg [--pop-state] ==> ignore
    arg [-lc] ==> lib [c]
    arg [-lgcc] ==> lib [gcc]
    arg [--push-state] ==> ignore
    arg [--as-needed] ==> ignore
    arg [-lgcc_s] ==> lib [gcc_s]
    arg [--pop-state] ==> ignore
    arg [/usr/lib/gcc/x86_64-redhat-linux/10/crtend.o] ==> ignore
    arg [/usr/lib/gcc/x86_64-redhat-linux/10/../../../../lib64/crtn.o] ==> ignore
  collapse library dir [/usr/lib/gcc/x86_64-redhat-linux/10] ==> [/usr/lib/gcc/x86_64-redhat-linux/10]
  collapse library dir [/usr/lib/gcc/x86_64-redhat-linux/10/../../../../lib64] ==> [/usr/lib64]
  collapse library dir [/lib/../lib64] ==> [/lib64]
  collapse library dir [/usr/lib/../lib64] ==> [/usr/lib64]
  collapse library dir [/usr/lib/gcc/x86_64-redhat-linux/10/../../..] ==> [/usr/lib]
  implicit libs: [gcc;gcc_s;c;gcc;gcc_s]
  implicit dirs: [/usr/lib/gcc/x86_64-redhat-linux/10;/usr/lib64;/lib64;/usr/lib]
  implicit fwks: []


